GAS LISTING /tmp/cceoe8kc.s 			page 1


   1              		.file	"_new.cpp"
   2              		.option pic
   3              		.option norelax
   4              		.text
   5              	.Ltext0:
   6              		.align	2
   7              		.globl	_Znwm
   9              	_Znwm:
  10              	.LFB0:
  11              		.file 1 "src/_new.cpp"
   1:src/_new.cpp  **** //
   2:src/_new.cpp  **** // Created by marko on 20.4.22..
   3:src/_new.cpp  **** //
   4:src/_new.cpp  **** 
   5:src/_new.cpp  **** #include "../h/syscall_c.hpp"
   6:src/_new.cpp  **** 
   7:src/_new.cpp  **** using size_t = decltype(sizeof(0));
   8:src/_new.cpp  **** 
   9:src/_new.cpp  **** void *operator new(size_t n)
  10:src/_new.cpp  **** {
  12              		.loc 1 10 1
  13              		.cfi_startproc
  14              	.LVL0:
  15 0000 130101FF 		addi	sp,sp,-16
  16              		.cfi_def_cfa_offset 16
  17 0004 23341100 		sd	ra,8(sp)
  18 0008 23308100 		sd	s0,0(sp)
  19              		.cfi_offset 1, -8
  20              		.cfi_offset 8, -16
  21 000c 13040101 		addi	s0,sp,16
  22              		.cfi_def_cfa 8, 0
  11:src/_new.cpp  ****     return mem_alloc(n);
  23              		.loc 1 11 5
  24              		.loc 1 11 21 is_stmt 0
  25 0010 97000000 		call	_Z9mem_allocm@plt
  25      E7800000 
  26              	.LVL1:
  12:src/_new.cpp  **** }
  27              		.loc 1 12 1
  28 0018 83308100 		ld	ra,8(sp)
  29              		.cfi_restore 1
  30 001c 03340100 		ld	s0,0(sp)
  31              		.cfi_restore 8
  32              		.cfi_def_cfa 2, 16
  33 0020 13010101 		addi	sp,sp,16
  34              		.cfi_def_cfa_offset 0
  35 0024 67800000 		jr	ra
  36              		.cfi_endproc
  37              	.LFE0:
  39              		.align	2
  40              		.globl	_Znam
  42              	_Znam:
  43              	.LFB1:
  13:src/_new.cpp  **** 
  14:src/_new.cpp  **** void *operator new[](size_t n)
  15:src/_new.cpp  **** {
  44              		.loc 1 15 1 is_stmt 1
GAS LISTING /tmp/cceoe8kc.s 			page 2


  45              		.cfi_startproc
  46              	.LVL2:
  47 0028 130101FF 		addi	sp,sp,-16
  48              		.cfi_def_cfa_offset 16
  49 002c 23341100 		sd	ra,8(sp)
  50 0030 23308100 		sd	s0,0(sp)
  51              		.cfi_offset 1, -8
  52              		.cfi_offset 8, -16
  53 0034 13040101 		addi	s0,sp,16
  54              		.cfi_def_cfa 8, 0
  16:src/_new.cpp  ****     return mem_alloc(n);
  55              		.loc 1 16 5
  56              		.loc 1 16 21 is_stmt 0
  57 0038 97000000 		call	_Z9mem_allocm@plt
  57      E7800000 
  58              	.LVL3:
  17:src/_new.cpp  **** }
  59              		.loc 1 17 1
  60 0040 83308100 		ld	ra,8(sp)
  61              		.cfi_restore 1
  62 0044 03340100 		ld	s0,0(sp)
  63              		.cfi_restore 8
  64              		.cfi_def_cfa 2, 16
  65 0048 13010101 		addi	sp,sp,16
  66              		.cfi_def_cfa_offset 0
  67 004c 67800000 		jr	ra
  68              		.cfi_endproc
  69              	.LFE1:
  71              		.align	2
  72              		.globl	_ZdlPv
  74              	_ZdlPv:
  75              	.LFB2:
  18:src/_new.cpp  **** 
  19:src/_new.cpp  **** void operator delete(void *p) noexcept
  20:src/_new.cpp  **** {
  76              		.loc 1 20 1 is_stmt 1
  77              		.cfi_startproc
  78              		.cfi_personality 0x9b,DW.ref.__gxx_personality_v0
  79              		.cfi_lsda 0x1b,.LLSDA2
  80              	.LVL4:
  81 0050 130101FF 		addi	sp,sp,-16
  82              		.cfi_def_cfa_offset 16
  83 0054 23341100 		sd	ra,8(sp)
  84 0058 23308100 		sd	s0,0(sp)
  85              		.cfi_offset 1, -8
  86              		.cfi_offset 8, -16
  87 005c 13040101 		addi	s0,sp,16
  88              		.cfi_def_cfa 8, 0
  21:src/_new.cpp  ****     mem_free(p);
  89              		.loc 1 21 5
  90              		.loc 1 21 13 is_stmt 0
  91 0060 97000000 		call	_Z8mem_freePv@plt
  91      E7800000 
  92              	.LVL5:
  22:src/_new.cpp  **** }
  93              		.loc 1 22 1
  94 0068 83308100 		ld	ra,8(sp)
GAS LISTING /tmp/cceoe8kc.s 			page 3


  95              		.cfi_restore 1
  96 006c 03340100 		ld	s0,0(sp)
  97              		.cfi_restore 8
  98              		.cfi_def_cfa 2, 16
  99 0070 13010101 		addi	sp,sp,16
 100              		.cfi_def_cfa_offset 0
 101 0074 67800000 		jr	ra
 102              		.cfi_endproc
 103              	.LFE2:
 104              		.globl	__gxx_personality_v0
 105              		.section	.gcc_except_table,"a",@progbits
 106              	.LLSDA2:
 107 0000 FF       		.byte	0xff
 108 0001 FF       		.byte	0xff
 109 0002 03       		.byte	0x3
 110 0003 00       		.byte	0
 111              		.text
 113              		.align	2
 114              		.globl	_ZdaPv
 116              	_ZdaPv:
 117              	.LFB3:
  23:src/_new.cpp  **** 
  24:src/_new.cpp  **** void operator delete[](void *p) noexcept
  25:src/_new.cpp  **** {
 118              		.loc 1 25 1 is_stmt 1
 119              		.cfi_startproc
 120              		.cfi_personality 0x9b,DW.ref.__gxx_personality_v0
 121              		.cfi_lsda 0x1b,.LLSDA3
 122              	.LVL6:
 123 0078 130101FF 		addi	sp,sp,-16
 124              		.cfi_def_cfa_offset 16
 125 007c 23341100 		sd	ra,8(sp)
 126 0080 23308100 		sd	s0,0(sp)
 127              		.cfi_offset 1, -8
 128              		.cfi_offset 8, -16
 129 0084 13040101 		addi	s0,sp,16
 130              		.cfi_def_cfa 8, 0
  26:src/_new.cpp  ****     mem_free(p);
 131              		.loc 1 26 5
 132              		.loc 1 26 13 is_stmt 0
 133 0088 97000000 		call	_Z8mem_freePv@plt
 133      E7800000 
 134              	.LVL7:
  27:src/_new.cpp  **** }...
 135              		.loc 1 27 1
 136 0090 83308100 		ld	ra,8(sp)
 137              		.cfi_restore 1
 138 0094 03340100 		ld	s0,0(sp)
 139              		.cfi_restore 8
 140              		.cfi_def_cfa 2, 16
 141 0098 13010101 		addi	sp,sp,16
 142              		.cfi_def_cfa_offset 0
 143 009c 67800000 		jr	ra
 144              		.cfi_endproc
 145              	.LFE3:
 146              		.section	.gcc_except_table
 147              	.LLSDA3:
GAS LISTING /tmp/cceoe8kc.s 			page 4


 148 0004 FF       		.byte	0xff
 149 0005 FF       		.byte	0xff
 150 0006 03       		.byte	0x3
 151 0007 00       		.byte	0
 152              		.text
 154              	.Letext0:
 155              		.file 2 "src/../h/../lib/hw.h"
 156              		.file 3 "src/../h/syscall_c.hpp"
 850              		.align	3
 853              	DW.ref.__gxx_personality_v0:
 854 0000 00000000 		.dword	__gxx_personality_v0
 854      00000000 
 855              		.ident	"GCC: (Ubuntu 9.4.0-1ubuntu1~20.04) 9.4.0"
 856              		.section	.note.GNU-stack,"",@progbits
GAS LISTING /tmp/cceoe8kc.s 			page 5


DEFINED SYMBOLS
                            *ABS*:0000000000000000 _new.cpp
     /tmp/cceoe8kc.s:9      .text:0000000000000000 _Znwm
     /tmp/cceoe8kc.s:13     .text:0000000000000000 .L0 
     /tmp/cceoe8kc.s:15     .text:0000000000000000 .L0 
     /tmp/cceoe8kc.s:16     .text:0000000000000004 .L0 
     /tmp/cceoe8kc.s:19     .text:000000000000000c .L0 
     /tmp/cceoe8kc.s:20     .text:000000000000000c .L0 
     /tmp/cceoe8kc.s:22     .text:0000000000000010 .L0 
     /tmp/cceoe8kc.s:24     .text:0000000000000010 .L0 
     /tmp/cceoe8kc.s:25     .text:0000000000000010 .L0 
     /tmp/cceoe8kc.s:28     .text:0000000000000018 .L0 
     /tmp/cceoe8kc.s:29     .text:000000000000001c .L0 
     /tmp/cceoe8kc.s:31     .text:0000000000000020 .L0 
     /tmp/cceoe8kc.s:32     .text:0000000000000020 .L0 
     /tmp/cceoe8kc.s:34     .text:0000000000000024 .L0 
     /tmp/cceoe8kc.s:36     .text:0000000000000028 .L0 
     /tmp/cceoe8kc.s:42     .text:0000000000000028 _Znam
     /tmp/cceoe8kc.s:45     .text:0000000000000028 .L0 
     /tmp/cceoe8kc.s:47     .text:0000000000000028 .L0 
     /tmp/cceoe8kc.s:48     .text:000000000000002c .L0 
     /tmp/cceoe8kc.s:51     .text:0000000000000034 .L0 
     /tmp/cceoe8kc.s:52     .text:0000000000000034 .L0 
     /tmp/cceoe8kc.s:54     .text:0000000000000038 .L0 
     /tmp/cceoe8kc.s:56     .text:0000000000000038 .L0 
     /tmp/cceoe8kc.s:57     .text:0000000000000038 .L0 
     /tmp/cceoe8kc.s:60     .text:0000000000000040 .L0 
     /tmp/cceoe8kc.s:61     .text:0000000000000044 .L0 
     /tmp/cceoe8kc.s:63     .text:0000000000000048 .L0 
     /tmp/cceoe8kc.s:64     .text:0000000000000048 .L0 
     /tmp/cceoe8kc.s:66     .text:000000000000004c .L0 
     /tmp/cceoe8kc.s:68     .text:0000000000000050 .L0 
     /tmp/cceoe8kc.s:74     .text:0000000000000050 _ZdlPv
     /tmp/cceoe8kc.s:77     .text:0000000000000050 .L0 
     /tmp/cceoe8kc.s:853    .data.rel.local.DW.ref.__gxx_personality_v0:0000000000000000 DW.ref.__gxx_personality_v0
     /tmp/cceoe8kc.s:81     .text:0000000000000050 .L0 
     /tmp/cceoe8kc.s:82     .text:0000000000000054 .L0 
     /tmp/cceoe8kc.s:85     .text:000000000000005c .L0 
     /tmp/cceoe8kc.s:86     .text:000000000000005c .L0 
     /tmp/cceoe8kc.s:88     .text:0000000000000060 .L0 
     /tmp/cceoe8kc.s:90     .text:0000000000000060 .L0 
     /tmp/cceoe8kc.s:91     .text:0000000000000060 .L0 
     /tmp/cceoe8kc.s:94     .text:0000000000000068 .L0 
     /tmp/cceoe8kc.s:95     .text:000000000000006c .L0 
     /tmp/cceoe8kc.s:97     .text:0000000000000070 .L0 
     /tmp/cceoe8kc.s:98     .text:0000000000000070 .L0 
     /tmp/cceoe8kc.s:100    .text:0000000000000074 .L0 
     /tmp/cceoe8kc.s:102    .text:0000000000000078 .L0 
     /tmp/cceoe8kc.s:116    .text:0000000000000078 _ZdaPv
     /tmp/cceoe8kc.s:119    .text:0000000000000078 .L0 
     /tmp/cceoe8kc.s:123    .text:0000000000000078 .L0 
     /tmp/cceoe8kc.s:124    .text:000000000000007c .L0 
     /tmp/cceoe8kc.s:127    .text:0000000000000084 .L0 
     /tmp/cceoe8kc.s:128    .text:0000000000000084 .L0 
     /tmp/cceoe8kc.s:130    .text:0000000000000088 .L0 
     /tmp/cceoe8kc.s:132    .text:0000000000000088 .L0 
     /tmp/cceoe8kc.s:133    .text:0000000000000088 .L0 
GAS LISTING /tmp/cceoe8kc.s 			page 6


     /tmp/cceoe8kc.s:136    .text:0000000000000090 .L0 
     /tmp/cceoe8kc.s:137    .text:0000000000000094 .L0 
     /tmp/cceoe8kc.s:139    .text:0000000000000098 .L0 
     /tmp/cceoe8kc.s:140    .text:0000000000000098 .L0 
     /tmp/cceoe8kc.s:142    .text:000000000000009c .L0 
     /tmp/cceoe8kc.s:144    .text:00000000000000a0 .L0 
     /tmp/cceoe8kc.s:157    .text:00000000000000a0 .L0 
     /tmp/cceoe8kc.s:460    .debug_abbrev:0000000000000000 .Ldebug_abbrev0
     /tmp/cceoe8kc.s:825    .debug_str:000000000000018e .LASF35
     /tmp/cceoe8kc.s:843    .debug_str:00000000000002b5 .LASF36
     /tmp/cceoe8kc.s:795    .debug_str:0000000000000097 .LASF37
     /tmp/cceoe8kc.s:5      .text:0000000000000000 .Ltext0
     /tmp/cceoe8kc.s:154    .text:00000000000000a0 .Letext0
     /tmp/cceoe8kc.s:769    .debug_line:0000000000000000 .Ldebug_line0
     /tmp/cceoe8kc.s:775    .debug_str:0000000000000019 .LASF0
     /tmp/cceoe8kc.s:823    .debug_str:000000000000017b .LASF1
     /tmp/cceoe8kc.s:801    .debug_str:00000000000000d1 .LASF2
     /tmp/cceoe8kc.s:839    .debug_str:000000000000029e .LASF3
     /tmp/cceoe8kc.s:791    .debug_str:0000000000000086 .LASF4
     /tmp/cceoe8kc.s:787    .debug_str:0000000000000061 .LASF5
     /tmp/cceoe8kc.s:781    .debug_str:0000000000000043 .LASF6
     /tmp/cceoe8kc.s:789    .debug_str:0000000000000073 .LASF7
     /tmp/cceoe8kc.s:821    .debug_str:0000000000000168 .LASF8
     /tmp/cceoe8kc.s:835    .debug_str:0000000000000284 .LASF9
     /tmp/cceoe8kc.s:777    .debug_str:0000000000000026 .LASF10
     /tmp/cceoe8kc.s:779    .debug_str:0000000000000034 .LASF11
     /tmp/cceoe8kc.s:827    .debug_str:0000000000000252 .LASF12
     /tmp/cceoe8kc.s:783    .debug_str:000000000000004a .LASF13
     /tmp/cceoe8kc.s:841    .debug_str:00000000000002a5 .LASF14
     /tmp/cceoe8kc.s:799    .debug_str:00000000000000c5 .LASF15
     /tmp/cceoe8kc.s:813    .debug_str:000000000000012b .LASF16
     /tmp/cceoe8kc.s:807    .debug_str:00000000000000fa .LASF17
     /tmp/cceoe8kc.s:793    .debug_str:000000000000008d .LASF18
     /tmp/cceoe8kc.s:805    .debug_str:00000000000000f1 .LASF19
     /tmp/cceoe8kc.s:845    .debug_str:00000000000002c2 .LASF20
     /tmp/cceoe8kc.s:803    .debug_str:00000000000000df .LASF21
     /tmp/cceoe8kc.s:831    .debug_str:0000000000000268 .LASF22
     /tmp/cceoe8kc.s:815    .debug_str:0000000000000141 .LASF23
     /tmp/cceoe8kc.s:829    .debug_str:0000000000000261 .LASF25
     /tmp/cceoe8kc.s:117    .text:0000000000000078 .LFB3
     /tmp/cceoe8kc.s:145    .text:00000000000000a0 .LFE3
     /tmp/cceoe8kc.s:700    .debug_loc:0000000000000000 .LLST3
     /tmp/cceoe8kc.s:134    .text:0000000000000090 .LVL7
     /tmp/cceoe8kc.s:797    .debug_str:00000000000000b5 .LASF24
     /tmp/cceoe8kc.s:785    .debug_str:000000000000005a .LASF26
     /tmp/cceoe8kc.s:75     .text:0000000000000050 .LFB2
     /tmp/cceoe8kc.s:103    .text:0000000000000078 .LFE2
     /tmp/cceoe8kc.s:714    .debug_loc:0000000000000039 .LLST2
     /tmp/cceoe8kc.s:92     .text:0000000000000068 .LVL5
     /tmp/cceoe8kc.s:773    .debug_str:0000000000000009 .LASF27
     /tmp/cceoe8kc.s:817    .debug_str:0000000000000154 .LASF29
     /tmp/cceoe8kc.s:43     .text:0000000000000028 .LFB1
     /tmp/cceoe8kc.s:69     .text:0000000000000050 .LFE1
     /tmp/cceoe8kc.s:728    .debug_loc:0000000000000072 .LLST1
     /tmp/cceoe8kc.s:58     .text:0000000000000040 .LVL3
     /tmp/cceoe8kc.s:809    .debug_str:0000000000000110 .LASF28
     /tmp/cceoe8kc.s:833    .debug_str:000000000000027e .LASF30
GAS LISTING /tmp/cceoe8kc.s 			page 7


     /tmp/cceoe8kc.s:10     .text:0000000000000000 .LFB0
     /tmp/cceoe8kc.s:37     .text:0000000000000028 .LFE0
     /tmp/cceoe8kc.s:742    .debug_loc:00000000000000ab .LLST0
     /tmp/cceoe8kc.s:26     .text:0000000000000018 .LVL1
     /tmp/cceoe8kc.s:811    .debug_str:000000000000011d .LASF31
     /tmp/cceoe8kc.s:771    .debug_str:0000000000000000 .LASF33
     /tmp/cceoe8kc.s:819    .debug_str:000000000000015a .LASF32
     /tmp/cceoe8kc.s:837    .debug_str:0000000000000294 .LASF34
     /tmp/cceoe8kc.s:122    .text:0000000000000078 .LVL6
     /tmp/cceoe8kc.s:80     .text:0000000000000050 .LVL4
     /tmp/cceoe8kc.s:46     .text:0000000000000028 .LVL2
     /tmp/cceoe8kc.s:14     .text:0000000000000000 .LVL0
     /tmp/cceoe8kc.s:158    .debug_info:0000000000000000 .Ldebug_info0
     /tmp/cceoe8kc.s:106    .gcc_except_table:0000000000000000 .LLSDA2
     /tmp/cceoe8kc.s:147    .gcc_except_table:0000000000000004 .LLSDA3

UNDEFINED SYMBOLS
_Z9mem_allocm
_Z8mem_freePv
__gxx_personality_v0
