GAS LISTING /tmp/ccebjct9.s 			page 1


   1              		.file	"scheduler.cpp"
   2              		.option pic
   3              		.option norelax
   4              		.text
   5              	.Ltext0:
   6              		.align	2
   8              	_Z41__static_initialization_and_destruction_0ii:
   9              	.LFB23:
  10              		.file 1 "src/scheduler.cpp"
   1:src/scheduler.cpp **** //
   2:src/scheduler.cpp **** // Created by marko on 20.4.22..
   3:src/scheduler.cpp **** //
   4:src/scheduler.cpp **** 
   5:src/scheduler.cpp **** #include "../h/scheduler.hpp"
   6:src/scheduler.cpp **** 
   7:src/scheduler.cpp **** List<TCB> Scheduler::readyThreadQueue;
   8:src/scheduler.cpp **** 
   9:src/scheduler.cpp **** TCB *Scheduler::get()
  10:src/scheduler.cpp **** {
  11:src/scheduler.cpp ****     return readyThreadQueue.removeFirst();
  12:src/scheduler.cpp **** }
  13:src/scheduler.cpp **** 
  14:src/scheduler.cpp **** void Scheduler::put(TCB *ccb)
  15:src/scheduler.cpp **** {
  16:src/scheduler.cpp ****     readyThreadQueue.addLast(ccb);
  17:src/scheduler.cpp **** }
  11              		.loc 1 17 1
  12              		.cfi_startproc
  13              	.LVL0:
  14 0000 130101FF 		addi	sp,sp,-16
  15              		.cfi_def_cfa_offset 16
  16 0004 23348100 		sd	s0,8(sp)
  17              		.cfi_offset 8, -8
  18 0008 13040101 		addi	s0,sp,16
  19              		.cfi_def_cfa 8, 0
  20              		.loc 1 17 1 is_stmt 0
  21 000c 93071000 		li	a5,1
  22 0010 6308F500 		beq	a0,a5,.L4
  23              	.L1:
  24 0014 03348100 		ld	s0,8(sp)
  25              		.cfi_remember_state
  26              		.cfi_restore 8
  27              		.cfi_def_cfa 2, 16
  28 0018 13010101 		addi	sp,sp,16
  29              		.cfi_def_cfa_offset 0
  30 001c 67800000 		jr	ra
  31              	.L4:
  32              		.cfi_restore_state
  33              		.loc 1 17 1 discriminator 1
  34 0020 B7070100 		li	a5,65536
  35 0024 9387F7FF 		addi	a5,a5,-1
  36 0028 E396F5FE 		bne	a1,a5,.L1
  37              	.LVL1:
  38              	.LBB8:
  39              	.LBB9:
  40              	.LBB10:
  41              		.file 2 "src/../h/list.hpp"
GAS LISTING /tmp/ccebjct9.s 			page 2


   1:src/../h/list.hpp **** //
   2:src/../h/list.hpp **** // Created by marko on 20.4.22..
   3:src/../h/list.hpp **** //
   4:src/../h/list.hpp **** 
   5:src/../h/list.hpp **** #ifndef OS1_VEZBE07_RISCV_CONTEXT_SWITCH_2_INTERRUPT_LIST_HPP
   6:src/../h/list.hpp **** #define OS1_VEZBE07_RISCV_CONTEXT_SWITCH_2_INTERRUPT_LIST_HPP
   7:src/../h/list.hpp **** 
   8:src/../h/list.hpp **** template<typename T>
   9:src/../h/list.hpp **** class List
  10:src/../h/list.hpp **** {
  11:src/../h/list.hpp **** private:
  12:src/../h/list.hpp ****     struct Elem
  13:src/../h/list.hpp ****     {
  14:src/../h/list.hpp ****         T *data;
  15:src/../h/list.hpp ****         Elem *next;
  16:src/../h/list.hpp **** 
  17:src/../h/list.hpp ****         Elem(T *data, Elem *next) : data(data), next(next) {}
  18:src/../h/list.hpp ****     };
  19:src/../h/list.hpp **** 
  20:src/../h/list.hpp ****     Elem *head, *tail;
  21:src/../h/list.hpp ****     Elem* iterator = nullptr;
  22:src/../h/list.hpp ****     int size=0;
  23:src/../h/list.hpp **** public:
  24:src/../h/list.hpp ****     List() : head(0), tail(0) {}
  42              		.loc 2 24 29
  43 002c 97070000 		lla	a5,.LANCHOR0
  43      93870700 
  44 0034 23B00700 		sd	zero,0(a5)
  45 0038 23B40700 		sd	zero,8(a5)
  46 003c 23B80700 		sd	zero,16(a5)
  47 0040 23AC0700 		sw	zero,24(a5)
  48              	.LVL2:
  49              	.LBE10:
  50              	.LBE9:
  51              	.LBE8:
  52              		.loc 1 17 1
  53 0044 6FF01FFD 		j	.L1
  54              		.cfi_endproc
  55              	.LFE23:
  57              		.align	2
  58              		.globl	_ZN9Scheduler3getEv
  60              	_ZN9Scheduler3getEv:
  61              	.LFB13:
  10:src/scheduler.cpp ****     return readyThreadQueue.removeFirst();
  62              		.loc 1 10 1 is_stmt 1
  63              		.cfi_startproc
  64 0048 130101FE 		addi	sp,sp,-32
  65              		.cfi_def_cfa_offset 32
  66 004c 233C1100 		sd	ra,24(sp)
  67 0050 23388100 		sd	s0,16(sp)
  68 0054 23349100 		sd	s1,8(sp)
  69              		.cfi_offset 1, -8
  70              		.cfi_offset 8, -16
  71              		.cfi_offset 9, -24
  72 0058 13040102 		addi	s0,sp,32
  73              		.cfi_def_cfa 8, 0
  11:src/scheduler.cpp **** }
GAS LISTING /tmp/ccebjct9.s 			page 3


  74              		.loc 1 11 5
  75              	.LVL3:
  76              	.LBB13:
  77              	.LBB14:
  25:src/../h/list.hpp **** 
  26:src/../h/list.hpp ****     List(const List<T> &) = delete;
  27:src/../h/list.hpp **** 
  28:src/../h/list.hpp ****     List<T> &operator=(const List<T> &) = delete;
  29:src/../h/list.hpp **** 
  30:src/../h/list.hpp ****     void first () {
  31:src/../h/list.hpp ****         iterator=head;
  32:src/../h/list.hpp ****     }
  33:src/../h/list.hpp ****     int next () {
  34:src/../h/list.hpp ****         if (iterator==tail){
  35:src/../h/list.hpp ****             return -1;
  36:src/../h/list.hpp ****         }
  37:src/../h/list.hpp ****         iterator=iterator->next;
  38:src/../h/list.hpp ****         return 0;
  39:src/../h/list.hpp ****     }
  40:src/../h/list.hpp ****     T* getIter(){
  41:src/../h/list.hpp ****         return  iterator->data;
  42:src/../h/list.hpp ****     }
  43:src/../h/list.hpp **** 
  44:src/../h/list.hpp ****     void removeIter(){
  45:src/../h/list.hpp **** 
  46:src/../h/list.hpp ****     }
  47:src/../h/list.hpp ****     void addFirst(T *data)
  48:src/../h/list.hpp ****     {
  49:src/../h/list.hpp ****         Elem *elem = new Elem(data, head);
  50:src/../h/list.hpp ****         head = elem;
  51:src/../h/list.hpp ****         iterator = elem;
  52:src/../h/list.hpp ****         if (!tail) { tail = head; }
  53:src/../h/list.hpp ****         size++;
  54:src/../h/list.hpp ****     }
  55:src/../h/list.hpp **** 
  56:src/../h/list.hpp ****     void addLast(T *data)
  57:src/../h/list.hpp ****     {
  58:src/../h/list.hpp ****         Elem *elem = new Elem(data, 0);
  59:src/../h/list.hpp ****         if (tail)
  60:src/../h/list.hpp ****         {
  61:src/../h/list.hpp ****             tail->next = elem;
  62:src/../h/list.hpp ****             tail = elem;
  63:src/../h/list.hpp ****         } else
  64:src/../h/list.hpp ****         {
  65:src/../h/list.hpp ****             head = tail = elem;
  66:src/../h/list.hpp ****         }
  67:src/../h/list.hpp ****         size++;
  68:src/../h/list.hpp ****     }
  69:src/../h/list.hpp **** 
  70:src/../h/list.hpp ****     T *removeFirst()
  71:src/../h/list.hpp ****     {
  72:src/../h/list.hpp ****         if (!head) { return 0; }
  78              		.loc 2 72 14 is_stmt 0
  79 005c 17050000 		ld	a0,.LANCHOR0
  79      03350500 
  80              		.loc 2 72 9
  81 0064 630C0504 		beqz	a0,.L8
GAS LISTING /tmp/ccebjct9.s 			page 4


  82              	.LVL4:
  73:src/../h/list.hpp **** 
  74:src/../h/list.hpp ****         Elem *elem = head;
  75:src/../h/list.hpp ****         head = head->next;
  83              		.loc 2 75 22
  84 0068 83378500 		ld	a5,8(a0)
  85              		.loc 2 75 9
  86 006c 17070000 		sd	a5,.LANCHOR0,a4
  86      2330F700 
  76:src/../h/list.hpp ****         if (!head) { tail = 0; }
  87              		.loc 2 76 9
  88 0074 638E0702 		beqz	a5,.L10
  89              	.L7:
  77:src/../h/list.hpp **** 
  78:src/../h/list.hpp ****         T *ret = elem->data;
  90              		.loc 2 78 12
  91 0078 83340500 		ld	s1,0(a0)
  92              	.LVL5:
  79:src/../h/list.hpp ****         delete elem;
  93              		.loc 2 79 9
  94 007c 97000000 		call	_ZdlPv@plt
  94      E7800000 
  95              	.LVL6:
  80:src/../h/list.hpp ****         size--;
  96              		.loc 2 80 9
  97 0084 17070000 		lla	a4,.LANCHOR0
  97      13070700 
  98 008c 83278701 		lw	a5,24(a4)
  99 0090 9B87F7FF 		addiw	a5,a5,-1
 100 0094 232CF700 		sw	a5,24(a4)
 101              	.LVL7:
 102              	.L5:
 103              	.LBE14:
 104              	.LBE13:
  12:src/scheduler.cpp **** 
 105              		.loc 1 12 1
 106 0098 13850400 		mv	a0,s1
 107 009c 83308101 		ld	ra,24(sp)
 108              		.cfi_remember_state
 109              		.cfi_restore 1
 110 00a0 03340101 		ld	s0,16(sp)
 111              		.cfi_restore 8
 112              		.cfi_def_cfa 2, 32
 113 00a4 83348100 		ld	s1,8(sp)
 114              		.cfi_restore 9
 115 00a8 13010102 		addi	sp,sp,32
 116              		.cfi_def_cfa_offset 0
 117 00ac 67800000 		jr	ra
 118              	.LVL8:
 119              	.L10:
 120              		.cfi_restore_state
 121              	.LBB16:
 122              	.LBB15:
  76:src/../h/list.hpp **** 
 123              		.loc 2 76 22
 124 00b0 97070000 		sd	zero,.LANCHOR0+8,a5
 124      23B00700 
GAS LISTING /tmp/ccebjct9.s 			page 5


 125 00b8 6FF01FFC 		j	.L7
 126              	.LVL9:
 127              	.L8:
  72:src/../h/list.hpp **** 
 128              		.loc 2 72 29
 129 00bc 93040500 		mv	s1,a0
 130              	.LVL10:
 131              	.LBE15:
 132              	.LBE16:
  11:src/scheduler.cpp **** }
 133              		.loc 1 11 41
 134 00c0 6FF09FFD 		j	.L5
 135              		.cfi_endproc
 136              	.LFE13:
 138              		.align	2
 139              		.globl	_ZN9Scheduler3putEP3TCB
 141              	_ZN9Scheduler3putEP3TCB:
 142              	.LFB14:
  15:src/scheduler.cpp ****     readyThreadQueue.addLast(ccb);
 143              		.loc 1 15 1 is_stmt 1
 144              		.cfi_startproc
 145              	.LVL11:
 146 00c4 130101FE 		addi	sp,sp,-32
 147              		.cfi_def_cfa_offset 32
 148 00c8 233C1100 		sd	ra,24(sp)
 149 00cc 23388100 		sd	s0,16(sp)
 150 00d0 23349100 		sd	s1,8(sp)
 151              		.cfi_offset 1, -8
 152              		.cfi_offset 8, -16
 153              		.cfi_offset 9, -24
 154 00d4 13040102 		addi	s0,sp,32
 155              		.cfi_def_cfa 8, 0
 156 00d8 93040500 		mv	s1,a0
  16:src/scheduler.cpp **** }
 157              		.loc 1 16 5
 158              	.LVL12:
 159              	.LBB22:
 160              	.LBB23:
  58:src/../h/list.hpp ****         if (tail)
 161              		.loc 2 58 22 is_stmt 0
 162 00dc 13050001 		li	a0,16
 163              	.LVL13:
 164 00e0 97000000 		call	_Znwm@plt
 164      E7800000 
 165              	.LVL14:
 166              	.LBB24:
 167              	.LBB25:
  17:src/../h/list.hpp ****     };
 168              		.loc 2 17 58
 169 00e8 23309500 		sd	s1,0(a0)
 170 00ec 23340500 		sd	zero,8(a0)
 171              	.LVL15:
 172              	.LBE25:
 173              	.LBE24:
  59:src/../h/list.hpp ****         {
 174              		.loc 2 59 13
 175 00f0 97070000 		ld	a5,.LANCHOR0+8
GAS LISTING /tmp/ccebjct9.s 			page 6


 175      83B70700 
  59:src/../h/list.hpp ****         {
 176              		.loc 2 59 9
 177 00f8 638C0702 		beqz	a5,.L12
  61:src/../h/list.hpp ****             tail = elem;
 178              		.loc 2 61 13
 179 00fc 23B4A700 		sd	a0,8(a5)
  62:src/../h/list.hpp ****         } else
 180              		.loc 2 62 13
 181 0100 97070000 		sd	a0,.LANCHOR0+8,a5
 181      23B0A700 
 182              	.L13:
  67:src/../h/list.hpp ****     }
 183              		.loc 2 67 9
 184 0108 17070000 		lla	a4,.LANCHOR0
 184      13070700 
 185 0110 83278701 		lw	a5,24(a4)
 186 0114 9B871700 		addiw	a5,a5,1
 187 0118 232CF700 		sw	a5,24(a4)
 188              	.LVL16:
 189              	.LBE23:
 190              	.LBE22:
 191              		.loc 1 17 1
 192 011c 83308101 		ld	ra,24(sp)
 193              		.cfi_remember_state
 194              		.cfi_restore 1
 195 0120 03340101 		ld	s0,16(sp)
 196              		.cfi_restore 8
 197              		.cfi_def_cfa 2, 32
 198 0124 83348100 		ld	s1,8(sp)
 199              		.cfi_restore 9
 200              	.LVL17:
 201 0128 13010102 		addi	sp,sp,32
 202              		.cfi_def_cfa_offset 0
 203 012c 67800000 		jr	ra
 204              	.LVL18:
 205              	.L12:
 206              		.cfi_restore_state
 207              	.LBB27:
 208              	.LBB26:
  65:src/../h/list.hpp ****         }
 209              		.loc 2 65 13
 210 0130 97070000 		lla	a5,.LANCHOR0
 210      93870700 
 211 0138 23B4A700 		sd	a0,8(a5)
 212 013c 23B0A700 		sd	a0,0(a5)
 213 0140 6FF09FFC 		j	.L13
 214              	.LBE26:
 215              	.LBE27:
 216              		.cfi_endproc
 217              	.LFE14:
 219              		.align	2
 221              	_GLOBAL__sub_I__ZN9Scheduler16readyThreadQueueE:
 222              	.LFB24:
 223              		.loc 1 17 1 is_stmt 1
 224              		.cfi_startproc
 225 0144 130101FF 		addi	sp,sp,-16
GAS LISTING /tmp/ccebjct9.s 			page 7


 226              		.cfi_def_cfa_offset 16
 227 0148 23341100 		sd	ra,8(sp)
 228 014c 23308100 		sd	s0,0(sp)
 229              		.cfi_offset 1, -8
 230              		.cfi_offset 8, -16
 231 0150 13040101 		addi	s0,sp,16
 232              		.cfi_def_cfa 8, 0
 233              		.loc 1 17 1 is_stmt 0
 234 0154 B7050100 		li	a1,65536
 235 0158 9385F5FF 		addi	a1,a1,-1
 236 015c 13051000 		li	a0,1
 237 0160 97000000 		call	_Z41__static_initialization_and_destruction_0ii
 237      E7800000 
 238              	.LVL19:
 239 0168 83308100 		ld	ra,8(sp)
 240              		.cfi_restore 1
 241 016c 03340100 		ld	s0,0(sp)
 242              		.cfi_restore 8
 243              		.cfi_def_cfa 2, 16
 244 0170 13010101 		addi	sp,sp,16
 245              		.cfi_def_cfa_offset 0
 246 0174 67800000 		jr	ra
 247              		.cfi_endproc
 248              	.LFE24:
 250              		.section	.init_array,"aw"
 251              		.align	3
 252 0000 00000000 		.dword	_GLOBAL__sub_I__ZN9Scheduler16readyThreadQueueE
 252      00000000 
 253              		.globl	_ZN9Scheduler16readyThreadQueueE
 254              		.bss
 255              		.align	3
 256              		.set	.LANCHOR0,. + 0
 259              	_ZN9Scheduler16readyThreadQueueE:
 260 0000 00000000 		.zero	32
 260      00000000 
 260      00000000 
 260      00000000 
 260      00000000 
 261              		.text
 262              	.Letext0:
 263              		.file 3 "src/../h/scheduler.hpp"
GAS LISTING /tmp/ccebjct9.s 			page 8


DEFINED SYMBOLS
                            *ABS*:0000000000000000 scheduler.cpp
     /tmp/ccebjct9.s:8      .text:0000000000000000 _Z41__static_initialization_and_destruction_0ii
     /tmp/ccebjct9.s:12     .text:0000000000000000 .L0 
     /tmp/ccebjct9.s:14     .text:0000000000000000 .L0 
     /tmp/ccebjct9.s:15     .text:0000000000000004 .L0 
     /tmp/ccebjct9.s:17     .text:0000000000000008 .L0 
     /tmp/ccebjct9.s:19     .text:000000000000000c .L0 
     /tmp/ccebjct9.s:21     .text:000000000000000c .L0 
     /tmp/ccebjct9.s:25     .text:0000000000000018 .L0 
     /tmp/ccebjct9.s:26     .text:0000000000000018 .L0 
     /tmp/ccebjct9.s:27     .text:0000000000000018 .L0 
     /tmp/ccebjct9.s:29     .text:000000000000001c .L0 
     /tmp/ccebjct9.s:32     .text:0000000000000020 .L0 
     /tmp/ccebjct9.s:34     .text:0000000000000020 .L0 
     /tmp/ccebjct9.s:43     .text:000000000000002c .L0 
     /tmp/ccebjct9.s:53     .text:0000000000000044 .L0 
     /tmp/ccebjct9.s:54     .text:0000000000000048 .L0 
     /tmp/ccebjct9.s:60     .text:0000000000000048 _ZN9Scheduler3getEv
     /tmp/ccebjct9.s:63     .text:0000000000000048 .L0 
     /tmp/ccebjct9.s:64     .text:0000000000000048 .L0 
     /tmp/ccebjct9.s:65     .text:000000000000004c .L0 
     /tmp/ccebjct9.s:69     .text:0000000000000058 .L0 
     /tmp/ccebjct9.s:70     .text:0000000000000058 .L0 
     /tmp/ccebjct9.s:71     .text:0000000000000058 .L0 
     /tmp/ccebjct9.s:73     .text:000000000000005c .L0 
     /tmp/ccebjct9.s:78     .text:000000000000005c .L0 
     /tmp/ccebjct9.s:79     .text:000000000000005c .L0 
     /tmp/ccebjct9.s:81     .text:0000000000000064 .L0 
     /tmp/ccebjct9.s:84     .text:0000000000000068 .L0 
     /tmp/ccebjct9.s:86     .text:000000000000006c .L0 
     /tmp/ccebjct9.s:88     .text:0000000000000074 .L0 
     /tmp/ccebjct9.s:91     .text:0000000000000078 .L0 
     /tmp/ccebjct9.s:94     .text:000000000000007c .L0 
     /tmp/ccebjct9.s:97     .text:0000000000000084 .L0 
     /tmp/ccebjct9.s:106    .text:0000000000000098 .L0 
     /tmp/ccebjct9.s:108    .text:00000000000000a0 .L0 
     /tmp/ccebjct9.s:109    .text:00000000000000a0 .L0 
     /tmp/ccebjct9.s:111    .text:00000000000000a4 .L0 
     /tmp/ccebjct9.s:112    .text:00000000000000a4 .L0 
     /tmp/ccebjct9.s:114    .text:00000000000000a8 .L0 
     /tmp/ccebjct9.s:116    .text:00000000000000ac .L0 
     /tmp/ccebjct9.s:120    .text:00000000000000b0 .L0 
     /tmp/ccebjct9.s:124    .text:00000000000000b0 .L0 
     /tmp/ccebjct9.s:129    .text:00000000000000bc .L0 
     /tmp/ccebjct9.s:134    .text:00000000000000c0 .L0 
     /tmp/ccebjct9.s:135    .text:00000000000000c4 .L0 
     /tmp/ccebjct9.s:141    .text:00000000000000c4 _ZN9Scheduler3putEP3TCB
     /tmp/ccebjct9.s:144    .text:00000000000000c4 .L0 
     /tmp/ccebjct9.s:146    .text:00000000000000c4 .L0 
     /tmp/ccebjct9.s:147    .text:00000000000000c8 .L0 
     /tmp/ccebjct9.s:151    .text:00000000000000d4 .L0 
     /tmp/ccebjct9.s:152    .text:00000000000000d4 .L0 
     /tmp/ccebjct9.s:153    .text:00000000000000d4 .L0 
     /tmp/ccebjct9.s:155    .text:00000000000000d8 .L0 
     /tmp/ccebjct9.s:161    .text:00000000000000dc .L0 
     /tmp/ccebjct9.s:162    .text:00000000000000dc .L0 
GAS LISTING /tmp/ccebjct9.s 			page 9


     /tmp/ccebjct9.s:169    .text:00000000000000e8 .L0 
     /tmp/ccebjct9.s:175    .text:00000000000000f0 .L0 
     /tmp/ccebjct9.s:177    .text:00000000000000f8 .L0 
     /tmp/ccebjct9.s:179    .text:00000000000000fc .L0 
     /tmp/ccebjct9.s:181    .text:0000000000000100 .L0 
     /tmp/ccebjct9.s:184    .text:0000000000000108 .L0 
     /tmp/ccebjct9.s:192    .text:000000000000011c .L0 
     /tmp/ccebjct9.s:193    .text:0000000000000120 .L0 
     /tmp/ccebjct9.s:194    .text:0000000000000120 .L0 
     /tmp/ccebjct9.s:196    .text:0000000000000124 .L0 
     /tmp/ccebjct9.s:197    .text:0000000000000124 .L0 
     /tmp/ccebjct9.s:199    .text:0000000000000128 .L0 
     /tmp/ccebjct9.s:202    .text:000000000000012c .L0 
     /tmp/ccebjct9.s:206    .text:0000000000000130 .L0 
     /tmp/ccebjct9.s:210    .text:0000000000000130 .L0 
     /tmp/ccebjct9.s:216    .text:0000000000000144 .L0 
     /tmp/ccebjct9.s:221    .text:0000000000000144 _GLOBAL__sub_I__ZN9Scheduler16readyThreadQueueE
     /tmp/ccebjct9.s:224    .text:0000000000000144 .L0 
     /tmp/ccebjct9.s:225    .text:0000000000000144 .L0 
     /tmp/ccebjct9.s:226    .text:0000000000000148 .L0 
     /tmp/ccebjct9.s:229    .text:0000000000000150 .L0 
     /tmp/ccebjct9.s:230    .text:0000000000000150 .L0 
     /tmp/ccebjct9.s:232    .text:0000000000000154 .L0 
     /tmp/ccebjct9.s:234    .text:0000000000000154 .L0 
     /tmp/ccebjct9.s:240    .text:000000000000016c .L0 
     /tmp/ccebjct9.s:242    .text:0000000000000170 .L0 
     /tmp/ccebjct9.s:243    .text:0000000000000170 .L0 
     /tmp/ccebjct9.s:245    .text:0000000000000174 .L0 
     /tmp/ccebjct9.s:247    .text:0000000000000178 .L0 
     /tmp/ccebjct9.s:259    .bss:0000000000000000 _ZN9Scheduler16readyThreadQueueE
     /tmp/ccebjct9.s:256    .bss:0000000000000000 .LANCHOR0
     /tmp/ccebjct9.s:264    .text:0000000000000178 .L0 
     /tmp/ccebjct9.s:43     .text:000000000000002c .L0 
     /tmp/ccebjct9.s:79     .text:000000000000005c .L0 
     /tmp/ccebjct9.s:86     .text:000000000000006c .L0 
     /tmp/ccebjct9.s:97     .text:0000000000000084 .L0 
     /tmp/ccebjct9.s:124    .text:00000000000000b0 .L0 
     /tmp/ccebjct9.s:175    .text:00000000000000f0 .L0 
     /tmp/ccebjct9.s:181    .text:0000000000000100 .L0 
     /tmp/ccebjct9.s:184    .text:0000000000000108 .L0 
     /tmp/ccebjct9.s:210    .text:0000000000000130 .L0 
     /tmp/ccebjct9.s:31     .text:0000000000000020 .L4
     /tmp/ccebjct9.s:23     .text:0000000000000014 .L1
     /tmp/ccebjct9.s:127    .text:00000000000000bc .L8
     /tmp/ccebjct9.s:119    .text:00000000000000b0 .L10
     /tmp/ccebjct9.s:89     .text:0000000000000078 .L7
     /tmp/ccebjct9.s:102    .text:0000000000000098 .L5
     /tmp/ccebjct9.s:205    .text:0000000000000130 .L12
     /tmp/ccebjct9.s:182    .text:0000000000000108 .L13
     /tmp/ccebjct9.s:863    .debug_abbrev:0000000000000000 .Ldebug_abbrev0
     /tmp/ccebjct9.s:1703   .debug_str:00000000000001b4 .LASF45
     /tmp/ccebjct9.s:1693   .debug_str:000000000000014f .LASF46
     /tmp/ccebjct9.s:1727   .debug_str:00000000000002e3 .LASF47
     /tmp/ccebjct9.s:5      .text:0000000000000000 .Ltext0
     /tmp/ccebjct9.s:262    .text:0000000000000178 .Letext0
     /tmp/ccebjct9.s:1651   .debug_line:0000000000000000 .Ldebug_line0
     /tmp/ccebjct9.s:1679   .debug_str:00000000000000f1 .LASF0
GAS LISTING /tmp/ccebjct9.s 			page 10


     /tmp/ccebjct9.s:1719   .debug_str:00000000000002bc .LASF48
     /tmp/ccebjct9.s:1659   .debug_str:0000000000000016 .LASF49
     /tmp/ccebjct9.s:1669   .debug_str:0000000000000081 .LASF50
     /tmp/ccebjct9.s:1745   .debug_str:000000000000039c .LASF1
     /tmp/ccebjct9.s:1725   .debug_str:00000000000002de .LASF4
     /tmp/ccebjct9.s:1683   .debug_str:0000000000000119 .LASF2
     /tmp/ccebjct9.s:1655   .debug_str:000000000000000b .LASF3
     /tmp/ccebjct9.s:1747   .debug_str:00000000000003a6 .LASF51
     /tmp/ccebjct9.s:1707   .debug_str:000000000000027d .LASF5
     /tmp/ccebjct9.s:1743   .debug_str:0000000000000397 .LASF6
     /tmp/ccebjct9.s:1751   .debug_str:00000000000003e1 .LASF7
     /tmp/ccebjct9.s:1687   .debug_str:0000000000000128 .LASF8
     /tmp/ccebjct9.s:1711   .debug_str:000000000000028b .LASF9
     /tmp/ccebjct9.s:1665   .debug_str:0000000000000062 .LASF11
     /tmp/ccebjct9.s:1677   .debug_str:00000000000000da .LASF13
     /tmp/ccebjct9.s:1753   .debug_str:00000000000003ea .LASF52
     /tmp/ccebjct9.s:1729   .debug_str:0000000000000301 .LASF53
     /tmp/ccebjct9.s:1657   .debug_str:0000000000000010 .LASF10
     /tmp/ccebjct9.s:1695   .debug_str:0000000000000161 .LASF12
     /tmp/ccebjct9.s:1761   .debug_str:0000000000000441 .LASF14
     /tmp/ccebjct9.s:1697   .debug_str:0000000000000178 .LASF15
     /tmp/ccebjct9.s:1739   .debug_str:0000000000000363 .LASF16
     /tmp/ccebjct9.s:1737   .debug_str:0000000000000358 .LASF17
     /tmp/ccebjct9.s:1671   .debug_str:0000000000000099 .LASF18
     /tmp/ccebjct9.s:1709   .debug_str:0000000000000282 .LASF19
     /tmp/ccebjct9.s:1759   .debug_str:0000000000000424 .LASF20
     /tmp/ccebjct9.s:1661   .debug_str:000000000000002a .LASF21
     /tmp/ccebjct9.s:1749   .debug_str:00000000000003c5 .LASF22
     /tmp/ccebjct9.s:1667   .debug_str:0000000000000075 .LASF23
     /tmp/ccebjct9.s:1681   .debug_str:00000000000000fb .LASF24
     /tmp/ccebjct9.s:1685   .debug_str:000000000000011e .LASF25
     /tmp/ccebjct9.s:1741   .debug_str:000000000000037c .LASF26
     /tmp/ccebjct9.s:1673   .debug_str:00000000000000b6 .LASF27
     /tmp/ccebjct9.s:1691   .debug_str:0000000000000132 .LASF28
     /tmp/ccebjct9.s:1721   .debug_str:00000000000002cd .LASF29
     /tmp/ccebjct9.s:1731   .debug_str:0000000000000318 .LASF30
     /tmp/ccebjct9.s:1723   .debug_str:00000000000002d6 .LASF31
     /tmp/ccebjct9.s:1675   .debug_str:00000000000000c1 .LASF32
     /tmp/ccebjct9.s:1701   .debug_str:0000000000000193 .LASF54
     /tmp/ccebjct9.s:1663   .debug_str:0000000000000032 .LASF33
     /tmp/ccebjct9.s:222    .text:0000000000000144 .LFB24
     /tmp/ccebjct9.s:248    .text:0000000000000178 .LFE24
     /tmp/ccebjct9.s:238    .text:0000000000000168 .LVL19
     /tmp/ccebjct9.s:1757   .debug_str:00000000000003fa .LASF34
     /tmp/ccebjct9.s:9      .text:0000000000000000 .LFB23
     /tmp/ccebjct9.s:55     .text:0000000000000048 .LFE23
     /tmp/ccebjct9.s:1715   .debug_str:00000000000002a0 .LASF35
     /tmp/ccebjct9.s:1653   .debug_str:0000000000000000 .LASF36
     /tmp/ccebjct9.s:38     .text:000000000000002c .LBB8
     /tmp/ccebjct9.s:51     .text:0000000000000044 .LBE8
     /tmp/ccebjct9.s:1508   .debug_loc:0000000000000000 .LLST0
     /tmp/ccebjct9.s:1689   .debug_str:000000000000012d .LASF37
     /tmp/ccebjct9.s:1735   .debug_str:0000000000000339 .LASF39
     /tmp/ccebjct9.s:1705   .debug_str:0000000000000278 .LASF38
     /tmp/ccebjct9.s:1699   .debug_str:0000000000000180 .LASF40
     /tmp/ccebjct9.s:142    .text:00000000000000c4 .LFB14
     /tmp/ccebjct9.s:217    .text:0000000000000144 .LFE14
GAS LISTING /tmp/ccebjct9.s 			page 11


     /tmp/ccebjct9.s:1517   .debug_loc:000000000000002c .LLST4
     /tmp/ccebjct9.s:159    .text:00000000000000dc .LBB22
     /tmp/ccebjct9.s:1637   .debug_ranges:0000000000000000 .Ldebug_ranges0
     /tmp/ccebjct9.s:1539   .debug_loc:000000000000008b .LLST5
     /tmp/ccebjct9.s:1554   .debug_loc:00000000000000d4 .LLST6
     /tmp/ccebjct9.s:166    .text:00000000000000e8 .LBB24
     /tmp/ccebjct9.s:173    .text:00000000000000f0 .LBE24
     /tmp/ccebjct9.s:1569   .debug_loc:000000000000011c .LLST7
     /tmp/ccebjct9.s:1577   .debug_loc:0000000000000140 .LLST8
     /tmp/ccebjct9.s:1584   .debug_loc:0000000000000163 .LLST9
     /tmp/ccebjct9.s:165    .text:00000000000000e8 .LVL14
     /tmp/ccebjct9.s:61     .text:0000000000000048 .LFB13
     /tmp/ccebjct9.s:136    .text:00000000000000c4 .LFE13
     /tmp/ccebjct9.s:76     .text:000000000000005c .LBB13
     /tmp/ccebjct9.s:1591   .debug_loc:0000000000000186 .LLST1
     /tmp/ccebjct9.s:1606   .debug_loc:00000000000001ce .LLST2
     /tmp/ccebjct9.s:1617   .debug_loc:0000000000000204 .LLST3
     /tmp/ccebjct9.s:95     .text:0000000000000084 .LVL6
     /tmp/ccebjct9.s:1755   .debug_str:00000000000003f4 .LASF41
     /tmp/ccebjct9.s:1717   .debug_str:00000000000002af .LASF43
     /tmp/ccebjct9.s:1733   .debug_str:0000000000000332 .LASF42
     /tmp/ccebjct9.s:1713   .debug_str:0000000000000290 .LASF44
     /tmp/ccebjct9.s:37     .text:000000000000002c .LVL1
     /tmp/ccebjct9.s:48     .text:0000000000000044 .LVL2
     /tmp/ccebjct9.s:145    .text:00000000000000c4 .LVL11
     /tmp/ccebjct9.s:163    .text:00000000000000e0 .LVL13
     /tmp/ccebjct9.s:200    .text:0000000000000128 .LVL17
     /tmp/ccebjct9.s:204    .text:0000000000000130 .LVL18
     /tmp/ccebjct9.s:158    .text:00000000000000dc .LVL12
     /tmp/ccebjct9.s:188    .text:000000000000011c .LVL16
     /tmp/ccebjct9.s:171    .text:00000000000000f0 .LVL15
     /tmp/ccebjct9.s:75     .text:000000000000005c .LVL3
     /tmp/ccebjct9.s:101    .text:0000000000000098 .LVL7
     /tmp/ccebjct9.s:118    .text:00000000000000b0 .LVL8
     /tmp/ccebjct9.s:130    .text:00000000000000c0 .LVL10
     /tmp/ccebjct9.s:82     .text:0000000000000068 .LVL4
     /tmp/ccebjct9.s:126    .text:00000000000000bc .LVL9
     /tmp/ccebjct9.s:92     .text:000000000000007c .LVL5
     /tmp/ccebjct9.s:265    .debug_info:0000000000000000 .Ldebug_info0
     /tmp/ccebjct9.s:104    .text:0000000000000098 .LBE13
     /tmp/ccebjct9.s:121    .text:00000000000000b0 .LBB16
     /tmp/ccebjct9.s:132    .text:00000000000000c0 .LBE16
     /tmp/ccebjct9.s:190    .text:000000000000011c .LBE22
     /tmp/ccebjct9.s:207    .text:0000000000000130 .LBB27
     /tmp/ccebjct9.s:215    .text:0000000000000144 .LBE27

UNDEFINED SYMBOLS
_ZdlPv
_Znwm
